  engine.c
engine.c(60): warning C4047: '=': 'DWORD *'의 간접 참조 수준이 'int'과(와) 다릅니다.
engine.c(162): warning C4047: '=': 'DWORD *'의 간접 참조 수준이 'int'과(와) 다릅니다.
engine.c(403): warning C4047: '=': 'DWORD'의 간접 참조 수준이 'LPVOID'과(와) 다릅니다.
engine.c(419): warning C4047: '=': 'DWORD'의 간접 참조 수준이 'LPVOID'과(와) 다릅니다.
engine.c(449): warning C4022: 'free': 실제 매개 변수 1의 포인터가 일치하지 않습니다.
engine.c(450): warning C4047: '=': 'DWORD'의 간접 참조 수준이 'void *'과(와) 다릅니다.
  veh_dll.c
veh_dll.c(145): warning C4477: 'sprintf' : 서식 문자열 '%08X'에 'unsigned int' 형식의 인수가 필요하지만 variadic 인수 1의 형식이 'PVOID'입니다.
veh_dll.c(313): warning C4047: '=': 'LPDWORD'의 간접 참조 수준이 'unsigned long'과(와) 다릅니다.
veh_dll.c(314): warning C4047: '=': 'PWORD'의 간접 참조 수준이 'unsigned long'과(와) 다릅니다.
veh_dll.c(315): warning C4047: '=': 'LPDWORD'의 간접 참조 수준이 'unsigned long'과(와) 다릅니다.
LINK : warning LNK4098: 'LIBCMT' defaultlib가 다른 라이브러리와 충돌합니다. /NODEFAULTLIB:library를 사용하십시오.
  코드를 생성하고 있습니다.
  4 of 1475 functions ( 0.3%) were compiled, the rest were copied from previous compilation.
    0 functions were new in current compilation
    2 functions had inline decision re-evaluated but remain unchanged
  코드를 생성했습니다.
  veh_dll.vcxproj -> D:\runtime\veh_dll\Release\veh_dll.dll
  veh_dll.vcxproj -> D:\runtime\veh_dll\Release\veh_dll.pdb (Full PDB)
