  Runtime.c
  disassemble.c
disassemble.c(39): warning C4312: '형식 캐스팅': 'uint32_t'에서 더 큰 'LPVOID'(으)로의 변환입니다.
disassemble.c(39): warning C4133: '함수': 'uint32_t *'과(와) 'SIZE_T *' 사이의 형식이 호환되지 않습니다.
  dr_debugger.c
dr_debugger.c(49): warning C4311: '형식 캐스팅': 'BYTE *'에서 'uint32_t'(으)로 포인터가 잘립니다.
dr_debugger.c(60): warning C4311: '형식 캐스팅': 'BYTE *'에서 'uint32_t'(으)로 포인터가 잘립니다.
dr_debugger.c(66): warning C4311: '형식 캐스팅': 'BYTE *'에서 'uint32_t'(으)로 포인터가 잘립니다.
dr_debugger.c(107): warning C4244: '+=': 'SIZE_T'에서 'uint32_t'(으)로 변환하면서 데이터가 손실될 수 있습니다.
dr_debugger.c(124): warning C4311: '형식 캐스팅': 'PVOID'에서 'uint32_t'(으)로 포인터가 잘립니다.
dr_debugger.c(133): warning C4244: '+=': 'SIZE_T'에서 'uint32_t'(으)로 변환하면서 데이터가 손실될 수 있습니다.
dr_debugger.c(183): warning C4244: '=': 'DWORD64'에서 'DWORD'(으)로 변환하면서 데이터가 손실될 수 있습니다.
dr_debugger.c(184): warning C4244: '=': 'DWORD64'에서 'DWORD'(으)로 변환하면서 데이터가 손실될 수 있습니다.
dr_debugger.c(208): warning C4101: 'module_addr' :참조되지 않은 지역 변수입니다.
dr_debugger.c(211): warning C4101: 'optional_header' :참조되지 않은 지역 변수입니다.
dr_debugger.c(210): warning C4101: 'nt_header' :참조되지 않은 지역 변수입니다.
dr_debugger.c(207): warning C4101: 'api_addr' :참조되지 않은 지역 변수입니다.
dr_debugger.c(209): warning C4101: 'dos_header' :참조되지 않은 지역 변수입니다.
LINK : warning LNK4098: 'LIBCMT' defaultlib가 다른 라이브러리와 충돌합니다. /NODEFAULTLIB:library를 사용하십시오.
  코드를 생성하고 있습니다.
  3 of 1465 functions ( 0.2%) were compiled, the rest were copied from previous compilation.
    0 functions were new in current compilation
    2 functions had inline decision re-evaluated but remain unchanged
  코드를 생성했습니다.
capstone_static_x64.lib(cs.obj) : warning LNK4099: 'capstone_static.pdb' PDB를 'capstone_static_x64.lib(cs.obj)' 또는 'D:\runtime\Runtime\x64\Release\capstone_static.pdb'에서 찾을 수 없습니다. 디버그 정보가 없는 것처럼 개체를 링크합니다.
capstone_static_x64.lib(MCInst.obj) : warning LNK4099: 'capstone_static.pdb' PDB를 'capstone_static_x64.lib(MCInst.obj)' 또는 'D:\runtime\Runtime\x64\Release\capstone_static.pdb'에서 찾을 수 없습니다. 디버그 정보가 없는 것처럼 개체를 링크합니다.
capstone_static_x64.lib(XCoreModule.obj) : warning LNK4099: 'capstone_static.pdb' PDB를 'capstone_static_x64.lib(XCoreModule.obj)' 또는 'D:\runtime\Runtime\x64\Release\capstone_static.pdb'에서 찾을 수 없습니다. 디버그 정보가 없는 것처럼 개체를 링크합니다.
capstone_static_x64.lib(PPCModule.obj) : warning LNK4099: 'capstone_static.pdb' PDB를 'capstone_static_x64.lib(PPCModule.obj)' 또는 'D:\runtime\Runtime\x64\Release\capstone_static.pdb'에서 찾을 수 없습니다. 디버그 정보가 없는 것처럼 개체를 링크합니다.
capstone_static_x64.lib(utils.obj) : warning LNK4099: 'capstone_static.pdb' PDB를 'capstone_static_x64.lib(utils.obj)' 또는 'D:\runtime\Runtime\x64\Release\capstone_static.pdb'에서 찾을 수 없습니다. 디버그 정보가 없는 것처럼 개체를 링크합니다.
capstone_static_x64.lib(SystemZModule.obj) : warning LNK4099: 'capstone_static.pdb' PDB를 'capstone_static_x64.lib(SystemZModule.obj)' 또는 'D:\runtime\Runtime\x64\Release\capstone_static.pdb'에서 찾을 수 없습니다. 디버그 정보가 없는 것처럼 개체를 링크합니다.
capstone_static_x64.lib(M68KModule.obj) : warning LNK4099: 'capstone_static.pdb' PDB를 'capstone_static_x64.lib(M68KModule.obj)' 또는 'D:\runtime\Runtime\x64\Release\capstone_static.pdb'에서 찾을 수 없습니다. 디버그 정보가 없는 것처럼 개체를 링크합니다.
capstone_static_x64.lib(X86Module.obj) : warning LNK4099: 'capstone_static.pdb' PDB를 'capstone_static_x64.lib(X86Module.obj)' 또는 'D:\runtime\Runtime\x64\Release\capstone_static.pdb'에서 찾을 수 없습니다. 디버그 정보가 없는 것처럼 개체를 링크합니다.
capstone_static_x64.lib(AArch64Module.obj) : warning LNK4099: 'capstone_static.pdb' PDB를 'capstone_static_x64.lib(AArch64Module.obj)' 또는 'D:\runtime\Runtime\x64\Release\capstone_static.pdb'에서 찾을 수 없습니다. 디버그 정보가 없는 것처럼 개체를 링크합니다.
capstone_static_x64.lib(SparcModule.obj) : warning LNK4099: 'capstone_static.pdb' PDB를 'capstone_static_x64.lib(SparcModule.obj)' 또는 'D:\runtime\Runtime\x64\Release\capstone_static.pdb'에서 찾을 수 없습니다. 디버그 정보가 없는 것처럼 개체를 링크합니다.
capstone_static_x64.lib(MipsModule.obj) : warning LNK4099: 'capstone_static.pdb' PDB를 'capstone_static_x64.lib(MipsModule.obj)' 또는 'D:\runtime\Runtime\x64\Release\capstone_static.pdb'에서 찾을 수 없습니다. 디버그 정보가 없는 것처럼 개체를 링크합니다.
capstone_static_x64.lib(ARMModule.obj) : warning LNK4099: 'capstone_static.pdb' PDB를 'capstone_static_x64.lib(ARMModule.obj)' 또는 'D:\runtime\Runtime\x64\Release\capstone_static.pdb'에서 찾을 수 없습니다. 디버그 정보가 없는 것처럼 개체를 링크합니다.
capstone_static_x64.lib(SStream.obj) : warning LNK4099: 'capstone_static.pdb' PDB를 'capstone_static_x64.lib(SStream.obj)' 또는 'D:\runtime\Runtime\x64\Release\capstone_static.pdb'에서 찾을 수 없습니다. 디버그 정보가 없는 것처럼 개체를 링크합니다.
capstone_static_x64.lib(XCoreMapping.obj) : warning LNK4099: 'capstone_static.pdb' PDB를 'capstone_static_x64.lib(XCoreMapping.obj)' 또는 'D:\runtime\Runtime\x64\Release\capstone_static.pdb'에서 찾을 수 없습니다. 디버그 정보가 없는 것처럼 개체를 링크합니다.
capstone_static_x64.lib(XCoreInstPrinter.obj) : warning LNK4099: 'capstone_static.pdb' PDB를 'capstone_static_x64.lib(XCoreInstPrinter.obj)' 또는 'D:\runtime\Runtime\x64\Release\capstone_static.pdb'에서 찾을 수 없습니다. 디버그 정보가 없는 것처럼 개체를 링크합니다.
capstone_static_x64.lib(XCoreDisassembler.obj) : warning LNK4099: 'capstone_static.pdb' PDB를 'capstone_static_x64.lib(XCoreDisassembler.obj)' 또는 'D:\runtime\Runtime\x64\Release\capstone_static.pdb'에서 찾을 수 없습니다. 디버그 정보가 없는 것처럼 개체를 링크합니다.
capstone_static_x64.lib(PPCMapping.obj) : warning LNK4099: 'capstone_static.pdb' PDB를 'capstone_static_x64.lib(PPCMapping.obj)' 또는 'D:\runtime\Runtime\x64\Release\capstone_static.pdb'에서 찾을 수 없습니다. 디버그 정보가 없는 것처럼 개체를 링크합니다.
capstone_static_x64.lib(PPCDisassembler.obj) : warning LNK4099: 'capstone_static.pdb' PDB를 'capstone_static_x64.lib(PPCDisassembler.obj)' 또는 'D:\runtime\Runtime\x64\Release\capstone_static.pdb'에서 찾을 수 없습니다. 디버그 정보가 없는 것처럼 개체를 링크합니다.
capstone_static_x64.lib(PPCInstPrinter.obj) : warning LNK4099: 'capstone_static.pdb' PDB를 'capstone_static_x64.lib(PPCInstPrinter.obj)' 또는 'D:\runtime\Runtime\x64\Release\capstone_static.pdb'에서 찾을 수 없습니다. 디버그 정보가 없는 것처럼 개체를 링크합니다.
capstone_static_x64.lib(SystemZMapping.obj) : warning LNK4099: 'capstone_static.pdb' PDB를 'capstone_static_x64.lib(SystemZMapping.obj)' 또는 'D:\runtime\Runtime\x64\Release\capstone_static.pdb'에서 찾을 수 없습니다. 디버그 정보가 없는 것처럼 개체를 링크합니다.
capstone_static_x64.lib(SystemZInstPrinter.obj) : warning LNK4099: 'capstone_static.pdb' PDB를 'capstone_static_x64.lib(SystemZInstPrinter.obj)' 또는 'D:\runtime\Runtime\x64\Release\capstone_static.pdb'에서 찾을 수 없습니다. 디버그 정보가 없는 것처럼 개체를 링크합니다.
capstone_static_x64.lib(SystemZDisassembler.obj) : warning LNK4099: 'capstone_static.pdb' PDB를 'capstone_static_x64.lib(SystemZDisassembler.obj)' 또는 'D:\runtime\Runtime\x64\Release\capstone_static.pdb'에서 찾을 수 없습니다. 디버그 정보가 없는 것처럼 개체를 링크합니다.
capstone_static_x64.lib(M68KInstPrinter.obj) : warning LNK4099: 'capstone_static.pdb' PDB를 'capstone_static_x64.lib(M68KInstPrinter.obj)' 또는 'D:\runtime\Runtime\x64\Release\capstone_static.pdb'에서 찾을 수 없습니다. 디버그 정보가 없는 것처럼 개체를 링크합니다.
capstone_static_x64.lib(M68KDisassembler.obj) : warning LNK4099: 'capstone_static.pdb' PDB를 'capstone_static_x64.lib(M68KDisassembler.obj)' 또는 'D:\runtime\Runtime\x64\Release\capstone_static.pdb'에서 찾을 수 없습니다. 디버그 정보가 없는 것처럼 개체를 링크합니다.
capstone_static_x64.lib(X86Disassembler.obj) : warning LNK4099: 'capstone_static.pdb' PDB를 'capstone_static_x64.lib(X86Disassembler.obj)' 또는 'D:\runtime\Runtime\x64\Release\capstone_static.pdb'에서 찾을 수 없습니다. 디버그 정보가 없는 것처럼 개체를 링크합니다.
capstone_static_x64.lib(X86Mapping.obj) : warning LNK4099: 'capstone_static.pdb' PDB를 'capstone_static_x64.lib(X86Mapping.obj)' 또는 'D:\runtime\Runtime\x64\Release\capstone_static.pdb'에서 찾을 수 없습니다. 디버그 정보가 없는 것처럼 개체를 링크합니다.
capstone_static_x64.lib(X86IntelInstPrinter.obj) : warning LNK4099: 'capstone_static.pdb' PDB를 'capstone_static_x64.lib(X86IntelInstPrinter.obj)' 또는 'D:\runtime\Runtime\x64\Release\capstone_static.pdb'에서 찾을 수 없습니다. 디버그 정보가 없는 것처럼 개체를 링크합니다.
capstone_static_x64.lib(X86ATTInstPrinter.obj) : warning LNK4099: 'capstone_static.pdb' PDB를 'capstone_static_x64.lib(X86ATTInstPrinter.obj)' 또는 'D:\runtime\Runtime\x64\Release\capstone_static.pdb'에서 찾을 수 없습니다. 디버그 정보가 없는 것처럼 개체를 링크합니다.
capstone_static_x64.lib(AArch64InstPrinter.obj) : warning LNK4099: 'capstone_static.pdb' PDB를 'capstone_static_x64.lib(AArch64InstPrinter.obj)' 또는 'D:\runtime\Runtime\x64\Release\capstone_static.pdb'에서 찾을 수 없습니다. 디버그 정보가 없는 것처럼 개체를 링크합니다.
capstone_static_x64.lib(AArch64Mapping.obj) : warning LNK4099: 'capstone_static.pdb' PDB를 'capstone_static_x64.lib(AArch64Mapping.obj)' 또는 'D:\runtime\Runtime\x64\Release\capstone_static.pdb'에서 찾을 수 없습니다. 디버그 정보가 없는 것처럼 개체를 링크합니다.
capstone_static_x64.lib(AArch64Disassembler.obj) : warning LNK4099: 'capstone_static.pdb' PDB를 'capstone_static_x64.lib(AArch64Disassembler.obj)' 또는 'D:\runtime\Runtime\x64\Release\capstone_static.pdb'에서 찾을 수 없습니다. 디버그 정보가 없는 것처럼 개체를 링크합니다.
capstone_static_x64.lib(SparcInstPrinter.obj) : warning LNK4099: 'capstone_static.pdb' PDB를 'capstone_static_x64.lib(SparcInstPrinter.obj)' 또는 'D:\runtime\Runtime\x64\Release\capstone_static.pdb'에서 찾을 수 없습니다. 디버그 정보가 없는 것처럼 개체를 링크합니다.
capstone_static_x64.lib(SparcMapping.obj) : warning LNK4099: 'capstone_static.pdb' PDB를 'capstone_static_x64.lib(SparcMapping.obj)' 또는 'D:\runtime\Runtime\x64\Release\capstone_static.pdb'에서 찾을 수 없습니다. 디버그 정보가 없는 것처럼 개체를 링크합니다.
capstone_static_x64.lib(SparcDisassembler.obj) : warning LNK4099: 'capstone_static.pdb' PDB를 'capstone_static_x64.lib(SparcDisassembler.obj)' 또는 'D:\runtime\Runtime\x64\Release\capstone_static.pdb'에서 찾을 수 없습니다. 디버그 정보가 없는 것처럼 개체를 링크합니다.
capstone_static_x64.lib(MipsDisassembler.obj) : warning LNK4099: 'capstone_static.pdb' PDB를 'capstone_static_x64.lib(MipsDisassembler.obj)' 또는 'D:\runtime\Runtime\x64\Release\capstone_static.pdb'에서 찾을 수 없습니다. 디버그 정보가 없는 것처럼 개체를 링크합니다.
capstone_static_x64.lib(MipsMapping.obj) : warning LNK4099: 'capstone_static.pdb' PDB를 'capstone_static_x64.lib(MipsMapping.obj)' 또는 'D:\runtime\Runtime\x64\Release\capstone_static.pdb'에서 찾을 수 없습니다. 디버그 정보가 없는 것처럼 개체를 링크합니다.
capstone_static_x64.lib(MipsInstPrinter.obj) : warning LNK4099: 'capstone_static.pdb' PDB를 'capstone_static_x64.lib(MipsInstPrinter.obj)' 또는 'D:\runtime\Runtime\x64\Release\capstone_static.pdb'에서 찾을 수 없습니다. 디버그 정보가 없는 것처럼 개체를 링크합니다.
capstone_static_x64.lib(ARMInstPrinter.obj) : warning LNK4099: 'capstone_static.pdb' PDB를 'capstone_static_x64.lib(ARMInstPrinter.obj)' 또는 'D:\runtime\Runtime\x64\Release\capstone_static.pdb'에서 찾을 수 없습니다. 디버그 정보가 없는 것처럼 개체를 링크합니다.
capstone_static_x64.lib(ARMMapping.obj) : warning LNK4099: 'capstone_static.pdb' PDB를 'capstone_static_x64.lib(ARMMapping.obj)' 또는 'D:\runtime\Runtime\x64\Release\capstone_static.pdb'에서 찾을 수 없습니다. 디버그 정보가 없는 것처럼 개체를 링크합니다.
capstone_static_x64.lib(ARMDisassembler.obj) : warning LNK4099: 'capstone_static.pdb' PDB를 'capstone_static_x64.lib(ARMDisassembler.obj)' 또는 'D:\runtime\Runtime\x64\Release\capstone_static.pdb'에서 찾을 수 없습니다. 디버그 정보가 없는 것처럼 개체를 링크합니다.
capstone_static_x64.lib(MCRegisterInfo.obj) : warning LNK4099: 'capstone_static.pdb' PDB를 'capstone_static_x64.lib(MCRegisterInfo.obj)' 또는 'D:\runtime\Runtime\x64\Release\capstone_static.pdb'에서 찾을 수 없습니다. 디버그 정보가 없는 것처럼 개체를 링크합니다.
capstone_static_x64.lib(SystemZMCTargetDesc.obj) : warning LNK4099: 'capstone_static.pdb' PDB를 'capstone_static_x64.lib(SystemZMCTargetDesc.obj)' 또는 'D:\runtime\Runtime\x64\Release\capstone_static.pdb'에서 찾을 수 없습니다. 디버그 정보가 없는 것처럼 개체를 링크합니다.
capstone_static_x64.lib(X86DisassemblerDecoder.obj) : warning LNK4099: 'capstone_static.pdb' PDB를 'capstone_static_x64.lib(X86DisassemblerDecoder.obj)' 또는 'D:\runtime\Runtime\x64\Release\capstone_static.pdb'에서 찾을 수 없습니다. 디버그 정보가 없는 것처럼 개체를 링크합니다.
capstone_static_x64.lib(AArch64BaseInfo.obj) : warning LNK4099: 'capstone_static.pdb' PDB를 'capstone_static_x64.lib(AArch64BaseInfo.obj)' 또는 'D:\runtime\Runtime\x64\Release\capstone_static.pdb'에서 찾을 수 없습니다. 디버그 정보가 없는 것처럼 개체를 링크합니다.
capstone_static_x64.lib(MCInstrDesc.obj) : warning LNK4099: 'capstone_static.pdb' PDB를 'capstone_static_x64.lib(MCInstrDesc.obj)' 또는 'D:\runtime\Runtime\x64\Release\capstone_static.pdb'에서 찾을 수 없습니다. 디버그 정보가 없는 것처럼 개체를 링크합니다.
  Runtime.vcxproj -> D:\runtime\Runtime\x64\Release\Runtime.exe
  Runtime.vcxproj -> D:\runtime\Runtime\x64\Release\Runtime.pdb (Full PDB)
